Case #1: our language is impossible to understand
Case #2: there are twenty six factorial possibilities
Case #3: so it is okay if you want to just give up
Case #4: xoggk d yl wxo vkkvgo ekso uyl wonw sywy
Case #5: xkf yto akj
Case #6: yabba dabba yabba dabba yabba dabba yabba dabba yabba dabba yabba dabba yabba dabba yabba dooooooooo
Case #7: a b c d e f g h i j k l m n o p q r s t u v y w x y z now i know my abcs
Case #8: next time wont you sing with me
Case #9: it was the best of times it was the blurst of times
Case #10: pneumonoultramicroscopicsilicovolcanoconiosis
Case #11: whoooooooooooooooooooaaaaaaaaa i know c plus plus
Case #12: each of us has his own special gift and you know this was meant to be true
Case #13: and if you dont underestimate me i wont underestimate you
Case #14: this here is gunpowder activated twenty seven caliber full auto no kickback nailthrowing mayhem
Case #15: how are you holding up because im a potato
Case #16: buff tryndamere and amumu
Case #17: you know you want to
Case #18: oh yeah alright were gonna shake it up with the party bear tonight
Case #19: f of two equals f of one equals one
Case #20: for i between three and n f of i equals f of i minus one plus f of i minus two
Case #21: why do programmers always mix up halloween and christmas
Case #22: in a world of direwolves and lions sometimes the rarest creature is a friend
Case #23: right i forgot here in the states you call it a sausage in the mouth
Case #24: an eye for an eye and a pigeon for a pigeon
Case #25: i have bested fruit spike and moon now i shall best you the guy
Case #26: dr zaius dr zaius dr zaius dr zaius ooooooooooooh dr zaius
Case #27: im commander shepard and this is my favorite problem on the google code jam
Case #28: this is so exciting i have to go the bathroom
Case #29: oh hai im in ur computer eating your cheezburgers and googleresing your textz
Case #30: you pissed off the chicken lady
